<?xml version="1.0" encoding="utf-8"?><testsuites name="pytest tests"><testsuite name="pytest" errors="0" failures="0" skipped="0" tests="7" time="1.603" timestamp="2026-07-01T03:36:05.245285+00:00" hostname="agent-env-2f064b35-61de-49ef-8d55-6c14e378c212"><testcase classname="tests.test_contact_api.TestContactCreate" name="test_create_contact_success_and_persists" time="0.370" /><testcase classname="tests.test_contact_api.TestHealth" name="test_root" time="0.258" /><testcase classname="tests.test_contact_api.TestContactList" name="test_list_contact_returns_list" time="0.109" /><testcase classname="tests.test_contact_api.TestContactCreate" name="test_create_contact_optional_subject_default" time="0.125" /><testcase classname="tests.test_contact_api.TestContactCreate" name="test_create_contact_invalid_email_422" time="0.140" /><testcase classname="tests.test_contact_api.TestContactCreate" name="test_create_contact_missing_required_fields_422" time="0.201" /><testcase classname="tests.test_contact_api.TestContactCreate" name="test_create_contact_empty_strings_422" time="0.204" /></testsuite></testsuites>